# JRE version: Java(TM) SE Runtime Environment (8.0_101-b13) (build 1.8.0_101-b13)
# Java VM: Java HotSpot(TM) 64-Bit Server VM (25.101-b13 mixed mode bsd-amd64 compressed oops)
Heap:
 PSYoungGen      total 76288K, used 61375K [0x000000076ab00000, 0x0000000774000000, 0x00000007c0000000)
  eden space 65536K, 91% used [0x000000076ab00000,0x000000076e5a3fa8,0x000000076eb00000)
  from space 10752K, 12% used [0x000000076eb00000,0x000000076ec4c010,0x000000076f580000)
  to   space 10752K, 0% used [0x0000000773580000,0x0000000773580000,0x0000000774000000)
 ParOldGen       total 175104K, used 24K [0x00000006c0000000, 0x00000006cab00000, 0x000000076ab00000)
  object space 175104K, 0% used [0x00000006c0000000,0x00000006c0006000,0x00000006cab00000)
 Metaspace       used 7629K, capacity 8040K, committed 8192K, reserved 1056768K
  class space    used 897K, capacity 991K, committed 1024K, reserved 1048576K
GC Heap History (6 events):
Event: 7.986 GC heap before
{Heap before GC invocations=1 (full 0):
 PSYoungGen      total 76288K, used 65536K [0x000000076ab00000, 0x0000000770000000, 0x00000007c0000000)
  eden space 65536K, 100% used [0x000000076ab00000,0x000000076eb00000,0x000000076eb00000)
  from space 10752K, 0% used [0x000000076f580000,0x000000076f580000,0x0000000770000000)
  to   space 10752K, 0% used [0x000000076eb00000,0x000000076eb00000,0x000000076f580000)
 ParOldGen       total 175104K, used 0K [0x00000006c0000000, 0x00000006cab00000, 0x000000076ab00000)
  object space 175104K, 0% used [0x00000006c0000000,0x00000006c0000000,0x00000006cab00000)
 Metaspace       used 7503K, capacity 7818K, committed 7936K, reserved 1056768K
  class space    used 893K, capacity 990K, committed 1024K, reserved 1048576K
Event: 7.992 GC heap after
Heap after GC invocations=1 (full 0):
 PSYoungGen      total 76288K, used 2395K [0x000000076ab00000, 0x0000000770000000, 0x00000007c0000000)
  eden space 65536K, 0% used [0x000000076ab00000,0x000000076ab00000,0x000000076eb00000)
  from space 10752K, 22% used [0x000000076eb00000,0x000000076ed56de0,0x000000076f580000)
  to   space 10752K, 0% used [0x000000076f580000,0x000000076f580000,0x0000000770000000)
 ParOldGen       total 175104K, used 8K [0x00000006c0000000, 0x00000006cab00000, 0x000000076ab00000)
  object space 175104K, 0% used [0x00000006c0000000,0x00000006c0002000,0x00000006cab00000)
 Metaspace       used 7503K, capacity 7818K, committed 7936K, reserved 1056768K
  class space    used 893K, capacity 990K, committed 1024K, reserved 1048576K
}
Event: 8.107 GC heap before
{Heap before GC invocations=2 (full 0):
 PSYoungGen      total 76288K, used 67931K [0x000000076ab00000, 0x0000000770000000, 0x00000007c0000000)
  eden space 65536K, 100% used [0x000000076ab00000,0x000000076eb00000,0x000000076eb00000)
  from space 10752K, 22% used [0x000000076eb00000,0x000000076ed56de0,0x000000076f580000)
  to   space 10752K, 0% used [0x000000076f580000,0x000000076f580000,0x0000000770000000)
 ParOldGen       total 175104K, used 8K [0x00000006c0000000, 0x00000006cab00000, 0x000000076ab00000)
  object space 175104K, 0% used [0x00000006c0000000,0x00000006c0002000,0x00000006cab00000)
 Metaspace       used 7517K, capacity 7886K, committed 7936K, reserved 1056768K
  class space    used 893K, capacity 990K, committed 1024K, reserved 1048576K
Event: 8.110 GC heap after
Heap after GC invocations=2 (full 0):
 PSYoungGen      total 76288K, used 1296K [0x000000076ab00000, 0x0000000774000000, 0x00000007c0000000)
  eden space 65536K, 0% used [0x000000076ab00000,0x000000076ab00000,0x000000076eb00000)
  from space 10752K, 12% used [0x000000076f580000,0x000000076f6c4010,0x0000000770000000)
  to   space 10752K, 0% used [0x000000076eb00000,0x000000076eb00000,0x000000076f580000)
 ParOldGen       total 175104K, used 16K [0x00000006c0000000, 0x00000006cab00000, 0x000000076ab00000)
  object space 175104K, 0% used [0x00000006c0000000,0x00000006c0004000,0x00000006cab00000)
 Metaspace       used 7517K, capacity 7886K, committed 7936K, reserved 1056768K
  class space    used 893K, capacity 990K, committed 1024K, reserved 1048576K
}
Event: 8.203 GC heap before
{Heap before GC invocations=3 (full 0):
 PSYoungGen      total 76288K, used 66832K [0x000000076ab00000, 0x0000000774000000, 0x00000007c0000000)
  eden space 65536K, 100% used [0x000000076ab00000,0x000000076eb00000,0x000000076eb00000)
  from space 10752K, 12% used [0x000000076f580000,0x000000076f6c4010,0x0000000770000000)
  to   space 10752K, 0% used [0x000000076eb00000,0x000000076eb00000,0x000000076f580000)
 ParOldGen       total 175104K, used 16K [0x00000006c0000000, 0x00000006cab00000, 0x000000076ab00000)
  object space 175104K, 0% used [0x00000006c0000000,0x00000006c0004000,0x00000006cab00000)
 Metaspace       used 7537K, capacity 7898K, committed 7936K, reserved 1056768K
  class space    used 893K, capacity 990K, committed 1024K, reserved 1048576K
Event: 8.205 GC heap after
Heap after GC invocations=3 (full 0):
 PSYoungGen      total 76288K, used 1328K [0x000000076ab00000, 0x0000000774000000, 0x00000007c0000000)
  eden space 65536K, 0% used [0x000000076ab00000,0x000000076ab00000,0x000000076eb00000)
  from space 10752K, 12% used [0x000000076eb00000,0x000000076ec4c010,0x000000076f580000)
  to   space 10752K, 0% used [0x0000000773580000,0x0000000773580000,0x0000000774000000)
 ParOldGen       total 175104K, used 24K [0x00000006c0000000, 0x00000006cab00000, 0x000000076ab00000)
  object space 175104K, 0% used [0x00000006c0000000,0x00000006c0006000,0x00000006cab00000)
 Metaspace       used 7537K, capacity 7898K, committed 7936K, reserved 1056768K
  class space    used 893K, capacity 990K, committed 1024K, reserved 1048576K
}

