# JRE version: Java(TM) SE Runtime Environment (8.0_101-b13) (build 1.8.0_101-b13)
# Java VM: Java HotSpot(TM) 64-Bit Server VM (25.101-b13 mixed mode bsd-amd64 compressed oops)
Heap:
 PSYoungGen      total 526848K, used 36758K [0x000000076ab00000, 0x000000078b000000, 0x00000007c0000000)
  eden space 524288K, 6% used [0x000000076ab00000,0x000000076cec5840,0x000000078ab00000)
  from space 2560K, 5% used [0x000000078ad80000,0x000000078ada0000,0x000000078b000000)
  to   space 2560K, 0% used [0x000000078ab00000,0x000000078ab00000,0x000000078ad80000)
 ParOldGen       total 175104K, used 1221K [0x00000006c0000000, 0x00000006cab00000, 0x000000076ab00000)
  object space 175104K, 0% used [0x00000006c0000000,0x00000006c01315d8,0x00000006cab00000)
 Metaspace       used 7638K, capacity 8054K, committed 8192K, reserved 1056768K
  class space    used 884K, capacity 993K, committed 1024K, reserved 1048576K
GC Heap History (10 events):
Event: 17.269 GC heap before
{Heap before GC invocations=4 (full 0):
 PSYoungGen      total 76288K, used 66768K [0x000000076ab00000, 0x0000000774000000, 0x00000007c0000000)
  eden space 65536K, 100% used [0x000000076ab00000,0x000000076eb00000,0x000000076eb00000)
  from space 10752K, 11% used [0x000000076eb00000,0x000000076ec34010,0x000000076f580000)
  to   space 10752K, 0% used [0x0000000773580000,0x0000000773580000,0x0000000774000000)
 ParOldGen       total 175104K, used 24K [0x00000006c0000000, 0x00000006cab00000, 0x000000076ab00000)
  object space 175104K, 0% used [0x00000006c0000000,0x00000006c0006000,0x00000006cab00000)
 Metaspace       used 7509K, capacity 7906K, committed 8192K, reserved 1056768K
  class space    used 878K, capacity 989K, committed 1024K, reserved 1048576K
Event: 17.275 GC heap after
Heap after GC invocations=4 (full 0):
 PSYoungGen      total 141824K, used 1184K [0x000000076ab00000, 0x0000000774000000, 0x00000007c0000000)
  eden space 131072K, 0% used [0x000000076ab00000,0x000000076ab00000,0x0000000772b00000)
  from space 10752K, 11% used [0x0000000773580000,0x00000007736a8000,0x0000000774000000)
  to   space 10752K, 0% used [0x0000000772b00000,0x0000000772b00000,0x0000000773580000)
 ParOldGen       total 175104K, used 32K [0x00000006c0000000, 0x00000006cab00000, 0x000000076ab00000)
  object space 175104K, 0% used [0x00000006c0000000,0x00000006c0008000,0x00000006cab00000)
 Metaspace       used 7509K, capacity 7906K, committed 8192K, reserved 1056768K
  class space    used 878K, capacity 989K, committed 1024K, reserved 1048576K
}
Event: 17.518 GC heap before
{Heap before GC invocations=5 (full 0):
 PSYoungGen      total 141824K, used 132256K [0x000000076ab00000, 0x0000000774000000, 0x00000007c0000000)
  eden space 131072K, 100% used [0x000000076ab00000,0x0000000772b00000,0x0000000772b00000)
  from space 10752K, 11% used [0x0000000773580000,0x00000007736a8000,0x0000000774000000)
  to   space 10752K, 0% used [0x0000000772b00000,0x0000000772b00000,0x0000000773580000)
 ParOldGen       total 175104K, used 32K [0x00000006c0000000, 0x00000006cab00000, 0x000000076ab00000)
  object space 175104K, 0% used [0x00000006c0000000,0x00000006c0008000,0x00000006cab00000)
 Metaspace       used 7513K, capacity 7906K, committed 8192K, reserved 1056768K
  class space    used 879K, capacity 989K, committed 1024K, reserved 1048576K
Event: 17.522 GC heap after
Heap after GC invocations=5 (full 0):
 PSYoungGen      total 141824K, used 1216K [0x000000076ab00000, 0x000000077b000000, 0x00000007c0000000)
  eden space 131072K, 0% used [0x000000076ab00000,0x000000076ab00000,0x0000000772b00000)
  from space 10752K, 11% used [0x0000000772b00000,0x0000000772c30020,0x0000000773580000)
  to   space 2560K, 0% used [0x000000077ad80000,0x000000077ad80000,0x000000077b000000)
 ParOldGen       total 175104K, used 40K [0x00000006c0000000, 0x00000006cab00000, 0x000000076ab00000)
  object space 175104K, 0% used [0x00000006c0000000,0x00000006c000a000,0x00000006cab00000)
 Metaspace       used 7513K, capacity 7906K, committed 8192K, reserved 1056768K
  class space    used 879K, capacity 989K, committed 1024K, reserved 1048576K
}
Event: 17.680 GC heap before
{Heap before GC invocations=6 (full 0):
 PSYoungGen      total 141824K, used 132288K [0x000000076ab00000, 0x000000077b000000, 0x00000007c0000000)
  eden space 131072K, 100% used [0x000000076ab00000,0x0000000772b00000,0x0000000772b00000)
  from space 10752K, 11% used [0x0000000772b00000,0x0000000772c30020,0x0000000773580000)
  to   space 2560K, 0% used [0x000000077ad80000,0x000000077ad80000,0x000000077b000000)
 ParOldGen       total 175104K, used 40K [0x00000006c0000000, 0x00000006cab00000, 0x000000076ab00000)
  object space 175104K, 0% used [0x00000006c0000000,0x00000006c000a000,0x00000006cab00000)
 Metaspace       used 7513K, capacity 7906K, committed 8192K, reserved 1056768K
  class space    used 879K, capacity 989K, committed 1024K, reserved 1048576K
Event: 17.685 GC heap after
Heap after GC invocations=6 (full 0):
 PSYoungGen      total 264704K, used 1216K [0x000000076ab00000, 0x000000077b000000, 0x00000007c0000000)
  eden space 262144K, 0% used [0x000000076ab00000,0x000000076ab00000,0x000000077ab00000)
  from space 2560K, 47% used [0x000000077ad80000,0x000000077aeb0020,0x000000077b000000)
  to   space 2560K, 0% used [0x000000077ab00000,0x000000077ab00000,0x000000077ad80000)
 ParOldGen       total 175104K, used 48K [0x00000006c0000000, 0x00000006cab00000, 0x000000076ab00000)
  object space 175104K, 0% used [0x00000006c0000000,0x00000006c000c000,0x00000006cab00000)
 Metaspace       used 7513K, capacity 7906K, committed 8192K, reserved 1056768K
  class space    used 879K, capacity 989K, committed 1024K, reserved 1048576K
}
Event: 18.093 GC heap before
{Heap before GC invocations=7 (full 0):
 PSYoungGen      total 264704K, used 263360K [0x000000076ab00000, 0x000000077b000000, 0x00000007c0000000)
  eden space 262144K, 100% used [0x000000076ab00000,0x000000077ab00000,0x000000077ab00000)
  from space 2560K, 47% used [0x000000077ad80000,0x000000077aeb0020,0x000000077b000000)
  to   space 2560K, 0% used [0x000000077ab00000,0x000000077ab00000,0x000000077ad80000)
 ParOldGen       total 175104K, used 48K [0x00000006c0000000, 0x00000006cab00000, 0x000000076ab00000)
  object space 175104K, 0% used [0x00000006c0000000,0x00000006c000c000,0x00000006cab00000)
 Metaspace       used 7519K, capacity 7906K, committed 8192K, reserved 1056768K
  class space    used 879K, capacity 989K, committed 1024K, reserved 1048576K
Event: 18.099 GC heap after
Heap after GC invocations=7 (full 0):
 PSYoungGen      total 264704K, used 128K [0x000000076ab00000, 0x000000078b000000, 0x00000007c0000000)
  eden space 262144K, 0% used [0x000000076ab00000,0x000000076ab00000,0x000000077ab00000)
  from space 2560K, 5% used [0x000000077ab00000,0x000000077ab20000,0x000000077ad80000)
  to   space 2560K, 0% used [0x000000078ad80000,0x000000078ad80000,0x000000078b000000)
 ParOldGen       total 175104K, used 1213K [0x00000006c0000000, 0x00000006cab00000, 0x000000076ab00000)
  object space 175104K, 0% used [0x00000006c0000000,0x00000006c012f5d8,0x00000006cab00000)
 Metaspace       used 7519K, capacity 7906K, committed 8192K, reserved 1056768K
  class space    used 879K, capacity 989K, committed 1024K, reserved 1048576K
}
Event: 32.727 GC heap before
{Heap before GC invocations=8 (full 0):
 PSYoungGen      total 264704K, used 262272K [0x000000076ab00000, 0x000000078b000000, 0x00000007c0000000)
  eden space 262144K, 100% used [0x000000076ab00000,0x000000077ab00000,0x000000077ab00000)
  from space 2560K, 5% used [0x000000077ab00000,0x000000077ab20000,0x000000077ad80000)
  to   space 2560K, 0% used [0x000000078ad80000,0x000000078ad80000,0x000000078b000000)
 ParOldGen       total 175104K, used 1213K [0x00000006c0000000, 0x00000006cab00000, 0x000000076ab00000)
  object space 175104K, 0% used [0x00000006c0000000,0x00000006c012f5d8,0x00000006cab00000)
 Metaspace       used 7586K, capacity 7990K, committed 8192K, reserved 1056768K
  class space    used 881K, capacity 993K, committed 1024K, reserved 1048576K
Event: 32.727 GC heap after
Heap after GC invocations=8 (full 0):
 PSYoungGen      total 526848K, used 128K [0x000000076ab00000, 0x000000078b000000, 0x00000007c0000000)
  eden space 524288K, 0% used [0x000000076ab00000,0x000000076ab00000,0x000000078ab00000)
  from space 2560K, 5% used [0x000000078ad80000,0x000000078ada0000,0x000000078b000000)
  to   space 2560K, 0% used [0x000000078ab00000,0x000000078ab00000,0x000000078ad80000)
 ParOldGen       total 175104K, used 1221K [0x00000006c0000000, 0x00000006cab00000, 0x000000076ab00000)
  object space 175104K, 0% used [0x00000006c0000000,0x00000006c01315d8,0x00000006cab00000)
 Metaspace       used 7586K, capacity 7990K, committed 8192K, reserved 1056768K
  class space    used 881K, capacity 993K, committed 1024K, reserved 1048576K
}

